{"/Users/vishalkumar/Projects/REACT_NATIVE/LTTask/src/components/atoms/Icons/index.tsx": {"path":"/Users/vishalkumar/Projects/REACT_NATIVE/LTTask/src/components/atoms/Icons/index.tsx","statementMap":{"0":{"start":{"line":17,"column":14},"end":{"line":30,"column":1}},"1":{"start":{"line":25,"column":2},"end":{"line":29,"column":4}}},"fnMap":{"0":{"name":"(anonymous_0)","decl":{"start":{"line":17,"column":14},"end":{"line":17,"column":15}},"loc":{"start":{"line":24,"column":18},"end":{"line":30,"column":1}},"line":24}},"branchMap":{"0":{"loc":{"start":{"line":20,"column":2},"end":{"line":20,"column":26}},"type":"default-arg","locations":[{"start":{"line":20,"column":10},"end":{"line":20,"column":26}}],"line":20},"1":{"loc":{"start":{"line":21,"column":2},"end":{"line":21,"column":21}},"type":"default-arg","locations":[{"start":{"line":21,"column":9},"end":{"line":21,"column":21}}],"line":21}},"s":{"0":2,"1":2},"f":{"0":2},"b":{"0":[0],"1":[1]},"_coverageSchema":"1a1c01bbd47fc00a2c39e90264f33305004495a9","hash":"b856da6a0f985666859f093dea2e28116c76c073"}
,"/Users/vishalkumar/Projects/REACT_NATIVE/LTTask/src/components/atoms/Input/index.tsx": {"path":"/Users/vishalkumar/Projects/REACT_NATIVE/LTTask/src/components/atoms/Input/index.tsx","statementMap":{"0":{"start":{"line":7,"column":15},"end":{"line":17,"column":2}},"1":{"start":{"line":24,"column":14},"end":{"line":34,"column":1}},"2":{"start":{"line":25,"column":2},"end":{"line":33,"column":4}}},"fnMap":{"0":{"name":"(anonymous_0)","decl":{"start":{"line":24,"column":14},"end":{"line":24,"column":15}},"loc":{"start":{"line":24,"column":51},"end":{"line":34,"column":1}},"line":24}},"branchMap":{},"s":{"0":2,"1":2,"2":21},"f":{"0":21},"b":{},"_coverageSchema":"1a1c01bbd47fc00a2c39e90264f33305004495a9","hash":"31c6f10d0b8f18eb7c44a0c17991193f96baf9c5"}
,"/Users/vishalkumar/Projects/REACT_NATIVE/LTTask/src/components/atoms/Label/index.tsx": {"path":"/Users/vishalkumar/Projects/REACT_NATIVE/LTTask/src/components/atoms/Label/index.tsx","statementMap":{"0":{"start":{"line":9,"column":14},"end":{"line":11,"column":1}},"1":{"start":{"line":10,"column":2},"end":{"line":10,"column":41}}},"fnMap":{"0":{"name":"(anonymous_0)","decl":{"start":{"line":9,"column":14},"end":{"line":9,"column":15}},"loc":{"start":{"line":9,"column":51},"end":{"line":11,"column":1}},"line":9}},"branchMap":{},"s":{"0":4,"1":8},"f":{"0":8},"b":{},"_coverageSchema":"1a1c01bbd47fc00a2c39e90264f33305004495a9","hash":"1f179ed5680e4cc6e617da68ee81fb995d084e4c"}
,"/Users/vishalkumar/Projects/REACT_NATIVE/LTTask/src/components/atoms/Loader/index.tsx": {"path":"/Users/vishalkumar/Projects/REACT_NATIVE/LTTask/src/components/atoms/Loader/index.tsx","statementMap":{"0":{"start":{"line":5,"column":15},"end":{"line":11,"column":2}},"1":{"start":{"line":15,"column":15},"end":{"line":25,"column":1}},"2":{"start":{"line":16,"column":2},"end":{"line":24,"column":4}}},"fnMap":{"0":{"name":"(anonymous_0)","decl":{"start":{"line":15,"column":15},"end":{"line":15,"column":16}},"loc":{"start":{"line":15,"column":61},"end":{"line":25,"column":1}},"line":15}},"branchMap":{"0":{"loc":{"start":{"line":21,"column":15},"end":{"line":21,"column":38}},"type":"binary-expr","locations":[{"start":{"line":21,"column":15},"end":{"line":21,"column":20}},{"start":{"line":21,"column":24},"end":{"line":21,"column":38}}],"line":21}},"s":{"0":4,"1":4,"2":1},"f":{"0":1},"b":{"0":[1,1]},"_coverageSchema":"1a1c01bbd47fc00a2c39e90264f33305004495a9","hash":"24952d5cd94225edae023d5e875d98a189ff14bd"}
,"/Users/vishalkumar/Projects/REACT_NATIVE/LTTask/src/components/atoms/Touchable/index.tsx": {"path":"/Users/vishalkumar/Projects/REACT_NATIVE/LTTask/src/components/atoms/Touchable/index.tsx","statementMap":{"0":{"start":{"line":8,"column":18},"end":{"line":14,"column":1}},"1":{"start":{"line":9,"column":2},"end":{"line":13,"column":4}}},"fnMap":{"0":{"name":"(anonymous_0)","decl":{"start":{"line":8,"column":18},"end":{"line":8,"column":19}},"loc":{"start":{"line":8,"column":62},"end":{"line":14,"column":1}},"line":8}},"branchMap":{},"s":{"0":1,"1":1},"f":{"0":1},"b":{},"_coverageSchema":"1a1c01bbd47fc00a2c39e90264f33305004495a9","hash":"f1e477afa47f3ab868449137f9e640cfd1e29db0"}
,"/Users/vishalkumar/Projects/REACT_NATIVE/LTTask/src/components/molecules/Button/index.tsx": {"path":"/Users/vishalkumar/Projects/REACT_NATIVE/LTTask/src/components/molecules/Button/index.tsx","statementMap":{"0":{"start":{"line":17,"column":15},"end":{"line":32,"column":2}},"1":{"start":{"line":43,"column":15},"end":{"line":67,"column":1}},"2":{"start":{"line":53,"column":2},"end":{"line":66,"column":4}}},"fnMap":{"0":{"name":"(anonymous_0)","decl":{"start":{"line":43,"column":15},"end":{"line":43,"column":16}},"loc":{"start":{"line":52,"column":19},"end":{"line":67,"column":1}},"line":52}},"branchMap":{"0":{"loc":{"start":{"line":49,"column":2},"end":{"line":49,"column":18}},"type":"default-arg","locations":[{"start":{"line":49,"column":13},"end":{"line":49,"column":18}}],"line":49},"1":{"loc":{"start":{"line":57,"column":16},"end":{"line":57,"column":35}},"type":"binary-expr","locations":[{"start":{"line":57,"column":16},"end":{"line":57,"column":23}},{"start":{"line":57,"column":27},"end":{"line":57,"column":35}}],"line":57},"2":{"loc":{"start":{"line":60,"column":7},"end":{"line":64,"column":7}},"type":"cond-expr","locations":[{"start":{"line":61,"column":8},"end":{"line":61,"column":70}},{"start":{"line":63,"column":8},"end":{"line":63,"column":96}}],"line":60},"3":{"loc":{"start":{"line":61,"column":23},"end":{"line":61,"column":66}},"type":"binary-expr","locations":[{"start":{"line":61,"column":23},"end":{"line":61,"column":34}},{"start":{"line":61,"column":39},"end":{"line":61,"column":65}}],"line":61}},"s":{"0":2,"1":2,"2":6},"f":{"0":6},"b":{"0":[6],"1":[6,1],"2":[0,6],"3":[0,0]},"_coverageSchema":"1a1c01bbd47fc00a2c39e90264f33305004495a9","hash":"04fee755dc6a8998aef5f02e3d3589c9ec9939bb"}
,"/Users/vishalkumar/Projects/REACT_NATIVE/LTTask/src/components/organisms/Forms/AddDogInfo.tsx": {"path":"/Users/vishalkumar/Projects/REACT_NATIVE/LTTask/src/components/organisms/Forms/AddDogInfo.tsx","statementMap":{"0":{"start":{"line":10,"column":15},"end":{"line":14,"column":2}},"1":{"start":{"line":29,"column":2},"end":{"line":52,"column":3}},"2":{"start":{"line":31,"column":6},"end":{"line":34,"column":8}},"3":{"start":{"line":36,"column":6},"end":{"line":39,"column":8}},"4":{"start":{"line":41,"column":6},"end":{"line":44,"column":8}},"5":{"start":{"line":46,"column":6},"end":{"line":49,"column":8}},"6":{"start":{"line":51,"column":6},"end":{"line":51,"column":19}},"7":{"start":{"line":55,"column":28},"end":{"line":60,"column":1}},"8":{"start":{"line":67,"column":19},"end":{"line":117,"column":1}},"9":{"start":{"line":68,"column":28},"end":{"line":68,"column":63}},"10":{"start":{"line":70,"column":22},"end":{"line":70,"column":59}},"11":{"start":{"line":70,"column":44},"end":{"line":70,"column":59}},"12":{"start":{"line":72,"column":24},"end":{"line":74,"column":3}},"13":{"start":{"line":73,"column":4},"end":{"line":73,"column":20}},"14":{"start":{"line":76,"column":2},"end":{"line":116,"column":4}},"15":{"start":{"line":81,"column":40},"end":{"line":81,"column":96}},"16":{"start":{"line":87,"column":39},"end":{"line":87,"column":93}},"17":{"start":{"line":96,"column":41},"end":{"line":96,"column":99}},"18":{"start":{"line":103,"column":41},"end":{"line":103,"column":99}}},"fnMap":{"0":{"name":"dogsReducer","decl":{"start":{"line":28,"column":9},"end":{"line":28,"column":20}},"loc":{"start":{"line":28,"column":76},"end":{"line":53,"column":1}},"line":28},"1":{"name":"(anonymous_1)","decl":{"start":{"line":67,"column":19},"end":{"line":67,"column":20}},"loc":{"start":{"line":67,"column":63},"end":{"line":117,"column":1}},"line":67},"2":{"name":"(anonymous_2)","decl":{"start":{"line":70,"column":22},"end":{"line":70,"column":23}},"loc":{"start":{"line":70,"column":44},"end":{"line":70,"column":59}},"line":70},"3":{"name":"(anonymous_3)","decl":{"start":{"line":72,"column":24},"end":{"line":72,"column":25}},"loc":{"start":{"line":72,"column":30},"end":{"line":74,"column":3}},"line":72},"4":{"name":"(anonymous_4)","decl":{"start":{"line":81,"column":22},"end":{"line":81,"column":23}},"loc":{"start":{"line":81,"column":40},"end":{"line":81,"column":96}},"line":81},"5":{"name":"(anonymous_5)","decl":{"start":{"line":87,"column":22},"end":{"line":87,"column":23}},"loc":{"start":{"line":87,"column":39},"end":{"line":87,"column":93}},"line":87},"6":{"name":"(anonymous_6)","decl":{"start":{"line":96,"column":22},"end":{"line":96,"column":23}},"loc":{"start":{"line":96,"column":41},"end":{"line":96,"column":99}},"line":96},"7":{"name":"(anonymous_7)","decl":{"start":{"line":103,"column":22},"end":{"line":103,"column":23}},"loc":{"start":{"line":103,"column":41},"end":{"line":103,"column":99}},"line":103}},"branchMap":{"0":{"loc":{"start":{"line":29,"column":2},"end":{"line":52,"column":3}},"type":"switch","locations":[{"start":{"line":30,"column":4},"end":{"line":34,"column":8}},{"start":{"line":35,"column":4},"end":{"line":39,"column":8}},{"start":{"line":40,"column":4},"end":{"line":44,"column":8}},{"start":{"line":45,"column":4},"end":{"line":49,"column":8}},{"start":{"line":50,"column":4},"end":{"line":51,"column":19}}],"line":29}},"s":{"0":1,"1":4,"2":1,"3":1,"4":1,"5":1,"6":0,"7":1,"8":1,"9":5,"10":5,"11":4,"12":5,"13":1,"14":5,"15":1,"16":1,"17":1,"18":1},"f":{"0":4,"1":5,"2":4,"3":1,"4":1,"5":1,"6":1,"7":1},"b":{"0":[1,1,1,1,0]},"_coverageSchema":"1a1c01bbd47fc00a2c39e90264f33305004495a9","hash":"e2e4b9e3e28d4b8c99d66222639196b1b8f9acff"}
,"/Users/vishalkumar/Projects/REACT_NATIVE/LTTask/src/components/organisms/ListItems/DogItem.tsx": {"path":"/Users/vishalkumar/Projects/REACT_NATIVE/LTTask/src/components/organisms/ListItems/DogItem.tsx","statementMap":{"0":{"start":{"line":12,"column":15},"end":{"line":36,"column":2}},"1":{"start":{"line":45,"column":2},"end":{"line":63,"column":4}}},"fnMap":{"0":{"name":"DogsItem","decl":{"start":{"line":44,"column":9},"end":{"line":44,"column":17}},"loc":{"start":{"line":44,"column":66},"end":{"line":64,"column":1}},"line":44}},"branchMap":{"0":{"loc":{"start":{"line":51,"column":9},"end":{"line":60,"column":9}},"type":"cond-expr","locations":[{"start":{"line":52,"column":10},"end":{"line":52,"column":20}},{"start":{"line":54,"column":10},"end":{"line":59,"column":12}}],"line":51}},"s":{"0":1,"1":1},"f":{"0":1},"b":{"0":[0,1]},"_coverageSchema":"1a1c01bbd47fc00a2c39e90264f33305004495a9","hash":"ca972f591d347becad7919fbaf58d843a7b3451f"}
,"/Users/vishalkumar/Projects/REACT_NATIVE/LTTask/src/theme/colors.ts": {"path":"/Users/vishalkumar/Projects/REACT_NATIVE/LTTask/src/theme/colors.ts","statementMap":{},"fnMap":{},"branchMap":{},"s":{},"f":{},"b":{},"_coverageSchema":"1a1c01bbd47fc00a2c39e90264f33305004495a9","hash":"10200aa20c7c2ab570727bd18d00af197c2e3b9d"}
,"/Users/vishalkumar/Projects/REACT_NATIVE/LTTask/src/theme/mixins.ts": {"path":"/Users/vishalkumar/Projects/REACT_NATIVE/LTTask/src/theme/mixins.ts","statementMap":{"0":{"start":{"line":3,"column":21},"end":{"line":3,"column":51}},"1":{"start":{"line":4,"column":27},"end":{"line":4,"column":30}},"2":{"start":{"line":6,"column":25},"end":{"line":6,"column":85}},"3":{"start":{"line":6,"column":43},"end":{"line":6,"column":85}},"4":{"start":{"line":8,"column":25},"end":{"line":8,"column":75}},"5":{"start":{"line":8,"column":43},"end":{"line":8,"column":75}},"6":{"start":{"line":16,"column":2},"end":{"line":22,"column":4}}},"fnMap":{"0":{"name":"(anonymous_0)","decl":{"start":{"line":6,"column":25},"end":{"line":6,"column":26}},"loc":{"start":{"line":6,"column":43},"end":{"line":6,"column":85}},"line":6},"1":{"name":"(anonymous_1)","decl":{"start":{"line":8,"column":25},"end":{"line":8,"column":26}},"loc":{"start":{"line":8,"column":43},"end":{"line":8,"column":75}},"line":8},"2":{"name":"boxShadow","decl":{"start":{"line":10,"column":16},"end":{"line":10,"column":25}},"loc":{"start":{"line":15,"column":2},"end":{"line":23,"column":1}},"line":15}},"branchMap":{"0":{"loc":{"start":{"line":12,"column":2},"end":{"line":12,"column":34}},"type":"default-arg","locations":[{"start":{"line":12,"column":11},"end":{"line":12,"column":34}}],"line":12},"1":{"loc":{"start":{"line":13,"column":2},"end":{"line":13,"column":12}},"type":"default-arg","locations":[{"start":{"line":13,"column":11},"end":{"line":13,"column":12}}],"line":13},"2":{"loc":{"start":{"line":14,"column":2},"end":{"line":14,"column":15}},"type":"default-arg","locations":[{"start":{"line":14,"column":12},"end":{"line":14,"column":15}}],"line":14}},"s":{"0":5,"1":5,"2":5,"3":31,"4":5,"5":28,"6":1},"f":{"0":31,"1":28,"2":1},"b":{"0":[1],"1":[1],"2":[1]},"_coverageSchema":"1a1c01bbd47fc00a2c39e90264f33305004495a9","hash":"aafbf6fb1e3cb568382d060bb96a432d16e4ce5e"}
,"/Users/vishalkumar/Projects/REACT_NATIVE/LTTask/src/theme/spacing.ts": {"path":"/Users/vishalkumar/Projects/REACT_NATIVE/LTTask/src/theme/spacing.ts","statementMap":{"0":{"start":{"line":3,"column":24},"end":{"line":3,"column":37}},"1":{"start":{"line":4,"column":24},"end":{"line":4,"column":37}},"2":{"start":{"line":5,"column":24},"end":{"line":5,"column":37}},"3":{"start":{"line":6,"column":23},"end":{"line":6,"column":35}},"4":{"start":{"line":7,"column":23},"end":{"line":7,"column":35}}},"fnMap":{},"branchMap":{},"s":{"0":4,"1":4,"2":4,"3":4,"4":4},"f":{},"b":{},"_coverageSchema":"1a1c01bbd47fc00a2c39e90264f33305004495a9","hash":"68534dbff64ef3e011811a061a25f980dc6097c3"}
,"/Users/vishalkumar/Projects/REACT_NATIVE/LTTask/src/theme/typography.ts": {"path":"/Users/vishalkumar/Projects/REACT_NATIVE/LTTask/src/theme/typography.ts","statementMap":{"0":{"start":{"line":4,"column":35},"end":{"line":4,"column":53}},"1":{"start":{"line":5,"column":32},"end":{"line":5,"column":47}},"2":{"start":{"line":8,"column":35},"end":{"line":8,"column":40}},"3":{"start":{"line":9,"column":32},"end":{"line":9,"column":37}},"4":{"start":{"line":12,"column":28},"end":{"line":12,"column":41}},"5":{"start":{"line":13,"column":28},"end":{"line":13,"column":41}},"6":{"start":{"line":14,"column":28},"end":{"line":14,"column":41}},"7":{"start":{"line":17,"column":30},"end":{"line":17,"column":43}},"8":{"start":{"line":18,"column":30},"end":{"line":18,"column":43}},"9":{"start":{"line":19,"column":30},"end":{"line":19,"column":43}},"10":{"start":{"line":23,"column":28},"end":{"line":23,"column":41}},"11":{"start":{"line":26,"column":28},"end":{"line":29,"column":1}},"12":{"start":{"line":31,"column":25},"end":{"line":34,"column":1}}},"fnMap":{},"branchMap":{},"s":{"0":4,"1":4,"2":4,"3":4,"4":4,"5":4,"6":4,"7":4,"8":4,"9":4,"10":4,"11":4,"12":4},"f":{},"b":{},"_coverageSchema":"1a1c01bbd47fc00a2c39e90264f33305004495a9","hash":"d4612077e56365cd22b52d575d62afbc6c704b85"}
,"/Users/vishalkumar/Projects/REACT_NATIVE/LTTask/src/utils/locals.ts": {"path":"/Users/vishalkumar/Projects/REACT_NATIVE/LTTask/src/utils/locals.ts","statementMap":{"0":{"start":{"line":1,"column":16},"end":{"line":8,"column":1}}},"fnMap":{},"branchMap":{},"s":{"0":1},"f":{},"b":{},"_coverageSchema":"1a1c01bbd47fc00a2c39e90264f33305004495a9","hash":"ea267e509a8dd9e5d2791340f80d5c3068bc79f1"}
,"/Users/vishalkumar/Projects/REACT_NATIVE/LTTask/src/utils/testIDS.ts": {"path":"/Users/vishalkumar/Projects/REACT_NATIVE/LTTask/src/utils/testIDS.ts","statementMap":{"0":{"start":{"line":1,"column":16},"end":{"line":8,"column":1}}},"fnMap":{},"branchMap":{},"s":{"0":2},"f":{},"b":{},"_coverageSchema":"1a1c01bbd47fc00a2c39e90264f33305004495a9","hash":"4b8a835b6e0d6898d85bef80d4b1f59963ca5c17"}
}
