TN:
SF:src/components/atoms/Icons/index.tsx
FN:17,(anonymous_0)
FNF:1
FNH:1
FNDA:2,(anonymous_0)
DA:17,2
DA:25,2
LF:2
LH:2
BRDA:20,0,0,0
BRDA:21,1,0,1
BRF:2
BRH:1
end_of_record
TN:
SF:src/components/atoms/Input/index.tsx
FN:24,(anonymous_0)
FNF:1
FNH:1
FNDA:21,(anonymous_0)
DA:7,2
DA:24,2
DA:25,21
LF:3
LH:3
BRF:0
BRH:0
end_of_record
TN:
SF:src/components/atoms/Label/index.tsx
FN:9,(anonymous_0)
FNF:1
FNH:1
FNDA:8,(anonymous_0)
DA:9,4
DA:10,8
LF:2
LH:2
BRF:0
BRH:0
end_of_record
TN:
SF:src/components/atoms/Loader/index.tsx
FN:15,(anonymous_0)
FNF:1
FNH:1
FNDA:1,(anonymous_0)
DA:5,4
DA:15,4
DA:16,1
LF:3
LH:3
BRDA:21,0,0,1
BRDA:21,0,1,1
BRF:2
BRH:2
end_of_record
TN:
SF:src/components/atoms/Touchable/index.tsx
FN:8,(anonymous_0)
FNF:1
FNH:1
FNDA:1,(anonymous_0)
DA:8,1
DA:9,1
LF:2
LH:2
BRF:0
BRH:0
end_of_record
TN:
SF:src/components/molecules/Button/index.tsx
FN:43,(anonymous_0)
FNF:1
FNH:1
FNDA:6,(anonymous_0)
DA:17,2
DA:43,2
DA:53,6
LF:3
LH:3
BRDA:49,0,0,6
BRDA:57,1,0,6
BRDA:57,1,1,1
BRDA:60,2,0,0
BRDA:60,2,1,6
BRDA:61,3,0,0
BRDA:61,3,1,0
BRF:7
BRH:4
end_of_record
TN:
SF:src/components/organisms/Forms/AddDogInfo.tsx
FN:28,dogsReducer
FN:67,(anonymous_1)
FN:70,(anonymous_2)
FN:72,(anonymous_3)
FN:81,(anonymous_4)
FN:87,(anonymous_5)
FN:96,(anonymous_6)
FN:103,(anonymous_7)
FNF:8
FNH:8
FNDA:4,dogsReducer
FNDA:5,(anonymous_1)
FNDA:4,(anonymous_2)
FNDA:1,(anonymous_3)
FNDA:1,(anonymous_4)
FNDA:1,(anonymous_5)
FNDA:1,(anonymous_6)
FNDA:1,(anonymous_7)
DA:10,1
DA:29,4
DA:31,1
DA:36,1
DA:41,1
DA:46,1
DA:51,0
DA:55,1
DA:67,1
DA:68,5
DA:70,5
DA:72,5
DA:73,1
DA:76,5
DA:81,1
DA:87,1
DA:96,1
DA:103,1
LF:18
LH:17
BRDA:29,0,0,1
BRDA:29,0,1,1
BRDA:29,0,2,1
BRDA:29,0,3,1
BRDA:29,0,4,0
BRF:5
BRH:4
end_of_record
TN:
SF:src/components/organisms/ListItems/DogItem.tsx
FN:44,DogsItem
FNF:1
FNH:1
FNDA:1,DogsItem
DA:12,1
DA:45,1
LF:2
LH:2
BRDA:51,0,0,0
BRDA:51,0,1,1
BRF:2
BRH:1
end_of_record
TN:
SF:src/theme/colors.ts
FNF:0
FNH:0
LF:0
LH:0
BRF:0
BRH:0
end_of_record
TN:
SF:src/theme/mixins.ts
FN:6,(anonymous_0)
FN:8,(anonymous_1)
FN:10,boxShadow
FNF:3
FNH:3
FNDA:31,(anonymous_0)
FNDA:28,(anonymous_1)
FNDA:1,boxShadow
DA:3,5
DA:4,5
DA:6,31
DA:8,28
DA:16,1
LF:5
LH:5
BRDA:12,0,0,1
BRDA:13,1,0,1
BRDA:14,2,0,1
BRF:3
BRH:3
end_of_record
TN:
SF:src/theme/spacing.ts
FNF:0
FNH:0
DA:3,4
DA:4,4
DA:5,4
DA:6,4
DA:7,4
LF:5
LH:5
BRF:0
BRH:0
end_of_record
TN:
SF:src/theme/typography.ts
FNF:0
FNH:0
DA:4,4
DA:5,4
DA:8,4
DA:9,4
DA:12,4
DA:13,4
DA:14,4
DA:17,4
DA:18,4
DA:19,4
DA:23,4
DA:26,4
DA:31,4
LF:13
LH:13
BRF:0
BRH:0
end_of_record
TN:
SF:src/utils/locals.ts
FNF:0
FNH:0
DA:1,1
LF:1
LH:1
BRF:0
BRH:0
end_of_record
TN:
SF:src/utils/testIDS.ts
FNF:0
FNH:0
DA:1,2
LF:1
LH:1
BRF:0
BRH:0
end_of_record
